build-apk/twa-project/app/build/intermediates/manifest_merge_blame_file/release/processReleaseMainManifest/manifest-merger-blame-release-report.txt
1<?xml version="1.0" encoding="utf-8"?>
2<!--
3    Copyright 2019 Google Inc. All Rights Reserved.
4
5     Licensed under the Apache License, Version 2.0 (the "License");
6     you may not use this file except in compliance with the License.
7     You may obtain a copy of the License at
8
9         http://www.apache.org/licenses/LICENSE-2.0
10
11     Unless required by applicable law or agreed to in writing, software
12     distributed under the License is distributed on an "AS IS" BASIS,
13     WITHOUT WARRANTIES OR CONDITIONS OF ANY KIND, either express or implied.
14     See the License for the specific language governing permissions and
15     limitations under the License.
16-->
17<!--
18 The "package" attribute is rewritten by the Gradle build with the value of applicationId.
19     It is still required here, as it is used to derive paths, for instance when referring
20     to an Activity by ".MyActivity" instead of the full name. If more Activities are added to the
21     application, the package attribute will need to reflect the correct path in order to use
22     the abbreviated format.
23-->
24<manifest xmlns:android="http://schemas.android.com/apk/res/android"
25    package="app.replit.ankicards"
26    android:versionCode="1"
27    android:versionName="1.0.0" >
28
29    <uses-sdk
30        android:minSdkVersion="21"
31        android:targetSdkVersion="35" />
32
33    <queries>
33-->[com.google.androidbrowserhelper:androidbrowserhelper:2.6.2] AndroidManifest.xml:22:5-30:15
34        <intent>
34-->[com.google.androidbrowserhelper:androidbrowserhelper:2.6.2] AndroidManifest.xml:23:9-29:18
35            <action android:name="android.intent.action.VIEW" />
35-->src/main/AndroidManifest.xml:160:17-68
35-->src/main/AndroidManifest.xml:160:25-66
36
37            <category android:name="android.intent.category.BROWSABLE" />
37-->src/main/AndroidManifest.xml:162:17-77
37-->src/main/AndroidManifest.xml:162:27-75
38
39            <data android:scheme="https" />
39-->src/main/AndroidManifest.xml:149:25-63
39-->src/main/AndroidManifest.xml:163:23-45
40        </intent>
41    </queries>
42
43    <permission
43-->[androidx.core:core:1.13.0] AndroidManifest.xml:22:5-24:47
44        android:name="app.replit.ankicards.DYNAMIC_RECEIVER_NOT_EXPORTED_PERMISSION"
44-->[androidx.core:core:1.13.0] AndroidManifest.xml:23:9-81
45        android:protectionLevel="signature" />
45-->[androidx.core:core:1.13.0] AndroidManifest.xml:24:9-44
46
47    <uses-permission android:name="app.replit.ankicards.DYNAMIC_RECEIVER_NOT_EXPORTED_PERMISSION" />
47-->[androidx.core:core:1.13.0] AndroidManifest.xml:26:5-97
47-->[androidx.core:core:1.13.0] AndroidManifest.xml:26:22-94
48
49    <application
49-->src/main/AndroidManifest.xml:33:5-205:19
50        android:name="app.replit.ankicards.Application"
50-->src/main/AndroidManifest.xml:34:9-35
51        android:allowBackup="true"
51-->src/main/AndroidManifest.xml:35:9-35
52        android:appComponentFactory="androidx.core.app.CoreComponentFactory"
52-->[androidx.core:core:1.13.0] AndroidManifest.xml:28:18-86
53        android:extractNativeLibs="true"
54        android:icon="@mipmap/ic_launcher"
54-->src/main/AndroidManifest.xml:36:9-43
55        android:label="@string/appName"
55-->src/main/AndroidManifest.xml:37:9-40
56        android:manageSpaceActivity="com.google.androidbrowserhelper.trusted.ManageDataLauncherActivity"
56-->src/main/AndroidManifest.xml:39:9-105
57        android:supportsRtl="true"
57-->src/main/AndroidManifest.xml:41:9-35
58        android:theme="@android:style/Theme.Translucent.NoTitleBar" >
58-->src/main/AndroidManifest.xml:42:9-68
59        <meta-data
59-->src/main/AndroidManifest.xml:44:9-46:58
60            android:name="asset_statements"
60-->src/main/AndroidManifest.xml:45:13-44
61            android:resource="@string/assetStatements" />
61-->src/main/AndroidManifest.xml:46:13-55
62        <meta-data
62-->src/main/AndroidManifest.xml:49:13-51:58
63            android:name="web_manifest_url"
63-->src/main/AndroidManifest.xml:50:17-48
64            android:value="@string/webManifestUrl" />
64-->src/main/AndroidManifest.xml:51:17-55
65        <meta-data
65-->src/main/AndroidManifest.xml:54:9-56:52
66            android:name="twa_generator"
66-->src/main/AndroidManifest.xml:55:13-41
67            android:value="@string/generatorApp" />
67-->src/main/AndroidManifest.xml:56:13-49
68
69        <activity
69-->src/main/AndroidManifest.xml:63:13-74:24
70            android:name="com.google.androidbrowserhelper.trusted.ManageDataLauncherActivity"
70-->src/main/AndroidManifest.xml:63:23-104
71            android:enabled="true"
71-->src/main/AndroidManifest.xml:65:17-39
72            android:excludeFromRecents="true"
72-->src/main/AndroidManifest.xml:66:17-50
73            android:exported="false" >
73-->src/main/AndroidManifest.xml:64:17-41
74            <meta-data
74-->src/main/AndroidManifest.xml:67:17-69:57
75                android:name="android.support.customtabs.trusted.MANAGE_SPACE_URL"
75-->src/main/AndroidManifest.xml:68:21-87
76                android:value="@string/launchUrl" />
76-->src/main/AndroidManifest.xml:69:21-54
77
78            <intent-filter>
78-->src/main/AndroidManifest.xml:70:17-73:33
79                <action android:name="android.intent.action.APPLICATION_PREFERENCES" />
79-->src/main/AndroidManifest.xml:71:21-92
79-->src/main/AndroidManifest.xml:71:29-89
80
81                <category android:name="android.intent.category.DEFAULT" />
81-->src/main/AndroidManifest.xml:72:21-80
81-->src/main/AndroidManifest.xml:72:31-77
82            </intent-filter>
83        </activity>
84        <activity
84-->src/main/AndroidManifest.xml:77:9-172:20
85            android:name="app.replit.ankicards.LauncherActivity"
85-->src/main/AndroidManifest.xml:77:19-50
86            android:alwaysRetainTaskState="true"
86-->src/main/AndroidManifest.xml:78:13-49
87            android:exported="true"
87-->src/main/AndroidManifest.xml:80:13-36
88            android:label="@string/launcherName" >
88-->src/main/AndroidManifest.xml:79:13-49
89            <meta-data
89-->src/main/AndroidManifest.xml:81:13-82:53
90                android:name="android.support.customtabs.trusted.DEFAULT_URL"
90-->src/main/AndroidManifest.xml:81:24-85
91                android:value="@string/launchUrl" />
91-->src/main/AndroidManifest.xml:82:17-50
92            <meta-data
92-->src/main/AndroidManifest.xml:84:13-86:58
93                android:name="android.support.customtabs.trusted.STATUS_BAR_COLOR"
93-->src/main/AndroidManifest.xml:85:17-83
94                android:resource="@color/colorPrimary" />
94-->src/main/AndroidManifest.xml:86:17-55
95            <meta-data
95-->src/main/AndroidManifest.xml:90:13-92:62
96                android:name="android.support.customtabs.trusted.STATUS_BAR_COLOR_DARK"
96-->src/main/AndroidManifest.xml:91:17-88
97                android:resource="@color/colorPrimaryDark" />
97-->src/main/AndroidManifest.xml:92:17-59
98            <meta-data
98-->src/main/AndroidManifest.xml:94:13-96:61
99                android:name="android.support.customtabs.trusted.NAVIGATION_BAR_COLOR"
99-->src/main/AndroidManifest.xml:95:17-87
100                android:resource="@color/navigationColor" />
100-->src/main/AndroidManifest.xml:96:17-58
101            <meta-data
101-->src/main/AndroidManifest.xml:98:13-100:65
102                android:name="android.support.customtabs.trusted.NAVIGATION_BAR_COLOR_DARK"
102-->src/main/AndroidManifest.xml:99:17-92
103                android:resource="@color/navigationColorDark" />
103-->src/main/AndroidManifest.xml:100:17-62
104            <meta-data
104-->src/main/AndroidManifest.xml:102:13-104:68
105                android:name="androix.browser.trusted.NAVIGATION_BAR_DIVIDER_COLOR"
105-->src/main/AndroidManifest.xml:103:17-84
106                android:resource="@color/navigationDividerColor" />
106-->src/main/AndroidManifest.xml:104:17-65
107            <meta-data
107-->src/main/AndroidManifest.xml:106:13-108:72
108                android:name="androix.browser.trusted.NAVIGATION_BAR_DIVIDER_COLOR_DARK"
108-->src/main/AndroidManifest.xml:107:17-89
109                android:resource="@color/navigationDividerColorDark" />
109-->src/main/AndroidManifest.xml:108:17-69
110            <meta-data
110-->src/main/AndroidManifest.xml:110:13-111:54
111                android:name="android.support.customtabs.trusted.SPLASH_IMAGE_DRAWABLE"
111-->src/main/AndroidManifest.xml:110:24-95
112                android:resource="@drawable/splash" />
112-->src/main/AndroidManifest.xml:111:17-52
113            <meta-data
113-->src/main/AndroidManifest.xml:113:13-114:60
114                android:name="android.support.customtabs.trusted.SPLASH_SCREEN_BACKGROUND_COLOR"
114-->src/main/AndroidManifest.xml:113:24-104
115                android:resource="@color/backgroundColor" />
115-->src/main/AndroidManifest.xml:114:17-58
116            <meta-data
116-->src/main/AndroidManifest.xml:116:13-117:71
117                android:name="android.support.customtabs.trusted.SPLASH_SCREEN_FADE_OUT_DURATION"
117-->src/main/AndroidManifest.xml:116:24-105
118                android:value="@integer/splashScreenFadeOutDuration" />
118-->src/main/AndroidManifest.xml:117:17-69
119            <meta-data
119-->src/main/AndroidManifest.xml:119:13-120:60
120                android:name="android.support.customtabs.trusted.FILE_PROVIDER_AUTHORITY"
120-->src/main/AndroidManifest.xml:119:24-97
121                android:value="@string/providerAuthority" />
121-->src/main/AndroidManifest.xml:120:17-58
122            <meta-data
122-->src/main/AndroidManifest.xml:122:13-97
123                android:name="android.app.shortcuts"
123-->src/main/AndroidManifest.xml:122:24-60
124                android:resource="@xml/shortcuts" />
124-->src/main/AndroidManifest.xml:122:61-94
125            <meta-data
125-->src/main/AndroidManifest.xml:124:13-125:56
126                android:name="android.support.customtabs.trusted.FALLBACK_STRATEGY"
126-->src/main/AndroidManifest.xml:124:24-91
127                android:value="@string/fallbackType" />
127-->src/main/AndroidManifest.xml:125:17-53
128            <meta-data
128-->src/main/AndroidManifest.xml:128:17-130:61
129                android:name="android.support.customtabs.trusted.METADATA_SHARE_TARGET"
129-->src/main/AndroidManifest.xml:129:21-92
130                android:resource="@string/shareTarget" />
130-->src/main/AndroidManifest.xml:130:21-59
131            <meta-data
131-->src/main/AndroidManifest.xml:135:13-136:54
132                android:name="android.support.customtabs.trusted.SCREEN_ORIENTATION"
132-->src/main/AndroidManifest.xml:135:24-92
133                android:value="@string/orientation" />
133-->src/main/AndroidManifest.xml:136:17-52
134
135            <intent-filter>
135-->src/main/AndroidManifest.xml:143:17-151:33
136                <action android:name="android.intent.action.SEND" />
136-->src/main/AndroidManifest.xml:145:25-77
136-->src/main/AndroidManifest.xml:145:33-74
137
138                <category android:name="android.intent.category.DEFAULT" />
138-->src/main/AndroidManifest.xml:72:21-80
138-->src/main/AndroidManifest.xml:72:31-77
139
140                <data android:mimeType="text/plain" />
140-->src/main/AndroidManifest.xml:149:25-63
140-->src/main/AndroidManifest.xml:149:31-60
141            </intent-filter>
142            <intent-filter>
142-->src/main/AndroidManifest.xml:154:13-157:29
143                <action android:name="android.intent.action.MAIN" />
143-->src/main/AndroidManifest.xml:155:17-69
143-->src/main/AndroidManifest.xml:155:25-66
144
145                <category android:name="android.intent.category.LAUNCHER" />
145-->src/main/AndroidManifest.xml:156:17-77
145-->src/main/AndroidManifest.xml:156:27-74
146            </intent-filter>
147            <intent-filter android:autoVerify="true" >
147-->src/main/AndroidManifest.xml:159:13-167:29
147-->src/main/AndroidManifest.xml:159:28-53
148                <action android:name="android.intent.action.VIEW" />
148-->src/main/AndroidManifest.xml:160:17-68
148-->src/main/AndroidManifest.xml:160:25-66
149
150                <category android:name="android.intent.category.DEFAULT" />
150-->src/main/AndroidManifest.xml:72:21-80
150-->src/main/AndroidManifest.xml:72:31-77
151                <category android:name="android.intent.category.BROWSABLE" />
151-->src/main/AndroidManifest.xml:162:17-77
151-->src/main/AndroidManifest.xml:162:27-75
152
153                <data
153-->src/main/AndroidManifest.xml:149:25-63
154                    android:host="@string/hostName"
154-->src/main/AndroidManifest.xml:164:21-52
155                    android:scheme="https" />
155-->src/main/AndroidManifest.xml:163:23-45
156            </intent-filter>
157        </activity>
158        <activity android:name="com.google.androidbrowserhelper.trusted.FocusActivity" />
158-->src/main/AndroidManifest.xml:174:9-90
158-->src/main/AndroidManifest.xml:174:19-87
159        <activity
159-->src/main/AndroidManifest.xml:176:9-177:62
160            android:name="com.google.androidbrowserhelper.trusted.WebViewFallbackActivity"
160-->src/main/AndroidManifest.xml:176:19-97
161            android:configChanges="orientation|screenSize" />
161-->src/main/AndroidManifest.xml:177:13-59
162
163        <provider
163-->src/main/AndroidManifest.xml:179:9-187:20
164            android:name="androidx.core.content.FileProvider"
164-->src/main/AndroidManifest.xml:180:13-62
165            android:authorities="@string/providerAuthority"
165-->src/main/AndroidManifest.xml:181:13-60
166            android:exported="false"
166-->src/main/AndroidManifest.xml:183:13-37
167            android:grantUriPermissions="true" >
167-->src/main/AndroidManifest.xml:182:13-47
168            <meta-data
168-->src/main/AndroidManifest.xml:184:13-186:53
169                android:name="android.support.FILE_PROVIDER_PATHS"
169-->src/main/AndroidManifest.xml:185:17-67
170                android:resource="@xml/filepaths" />
170-->src/main/AndroidManifest.xml:186:17-50
171        </provider>
172
173        <service
173-->src/main/AndroidManifest.xml:189:9-200:19
174            android:name="app.replit.ankicards.DelegationService"
174-->src/main/AndroidManifest.xml:190:13-46
175            android:enabled="@bool/enableNotification"
175-->src/main/AndroidManifest.xml:191:13-55
176            android:exported="@bool/enableNotification" >
176-->src/main/AndroidManifest.xml:192:13-56
177            <intent-filter>
177-->src/main/AndroidManifest.xml:196:13-199:29
178                <action android:name="android.support.customtabs.trusted.TRUSTED_WEB_ACTIVITY_SERVICE" />
178-->src/main/AndroidManifest.xml:197:17-105
178-->src/main/AndroidManifest.xml:197:25-103
179
180                <category android:name="android.intent.category.DEFAULT" />
180-->src/main/AndroidManifest.xml:72:21-80
180-->src/main/AndroidManifest.xml:72:31-77
181            </intent-filter>
182        </service>
183
184        <provider
184-->[androidx.emoji2:emoji2:1.3.0] AndroidManifest.xml:24:9-32:20
185            android:name="androidx.startup.InitializationProvider"
185-->[androidx.emoji2:emoji2:1.3.0] AndroidManifest.xml:25:13-67
186            android:authorities="app.replit.ankicards.androidx-startup"
186-->[androidx.emoji2:emoji2:1.3.0] AndroidManifest.xml:26:13-68
187            android:exported="false" >
187-->[androidx.emoji2:emoji2:1.3.0] AndroidManifest.xml:27:13-37
188            <meta-data
188-->[androidx.emoji2:emoji2:1.3.0] AndroidManifest.xml:29:13-31:52
189                android:name="androidx.emoji2.text.EmojiCompatInitializer"
189-->[androidx.emoji2:emoji2:1.3.0] AndroidManifest.xml:30:17-75
190                android:value="androidx.startup" />
190-->[androidx.emoji2:emoji2:1.3.0] AndroidManifest.xml:31:17-49
191            <meta-data
191-->[androidx.lifecycle:lifecycle-process:2.6.2] AndroidManifest.xml:29:13-31:52
192                android:name="androidx.lifecycle.ProcessLifecycleInitializer"
192-->[androidx.lifecycle:lifecycle-process:2.6.2] AndroidManifest.xml:30:17-78
193                android:value="androidx.startup" />
193-->[androidx.lifecycle:lifecycle-process:2.6.2] AndroidManifest.xml:31:17-49
194            <meta-data
194-->[androidx.profileinstaller:profileinstaller:1.3.1] AndroidManifest.xml:29:13-31:52
195                android:name="androidx.profileinstaller.ProfileInstallerInitializer"
195-->[androidx.profileinstaller:profileinstaller:1.3.1] AndroidManifest.xml:30:17-85
196                android:value="androidx.startup" />
196-->[androidx.profileinstaller:profileinstaller:1.3.1] AndroidManifest.xml:31:17-49
197        </provider>
198
199        <receiver
199-->[androidx.profileinstaller:profileinstaller:1.3.1] AndroidManifest.xml:34:9-52:20
200            android:name="androidx.profileinstaller.ProfileInstallReceiver"
200-->[androidx.profileinstaller:profileinstaller:1.3.1] AndroidManifest.xml:35:13-76
201            android:directBootAware="false"
201-->[androidx.profileinstaller:profileinstaller:1.3.1] AndroidManifest.xml:36:13-44
202            android:enabled="true"
202-->[androidx.profileinstaller:profileinstaller:1.3.1] AndroidManifest.xml:37:13-35
203            android:exported="true"
203-->[androidx.profileinstaller:profileinstaller:1.3.1] AndroidManifest.xml:38:13-36
204            android:permission="android.permission.DUMP" >
204-->[androidx.profileinstaller:profileinstaller:1.3.1] AndroidManifest.xml:39:13-57
205            <intent-filter>
205-->[androidx.profileinstaller:profileinstaller:1.3.1] AndroidManifest.xml:40:13-42:29
206                <action android:name="androidx.profileinstaller.action.INSTALL_PROFILE" />
206-->[androidx.profileinstaller:profileinstaller:1.3.1] AndroidManifest.xml:41:17-91
206-->[androidx.profileinstaller:profileinstaller:1.3.1] AndroidManifest.xml:41:25-88
207            </intent-filter>
208            <intent-filter>
208-->[androidx.profileinstaller:profileinstaller:1.3.1] AndroidManifest.xml:43:13-45:29
209                <action android:name="androidx.profileinstaller.action.SKIP_FILE" />
209-->[androidx.profileinstaller:profileinstaller:1.3.1] AndroidManifest.xml:44:17-85
209-->[androidx.profileinstaller:profileinstaller:1.3.1] AndroidManifest.xml:44:25-82
210            </intent-filter>
211            <intent-filter>
211-->[androidx.profileinstaller:profileinstaller:1.3.1] AndroidManifest.xml:46:13-48:29
212                <action android:name="androidx.profileinstaller.action.SAVE_PROFILE" />
212-->[androidx.profileinstaller:profileinstaller:1.3.1] AndroidManifest.xml:47:17-88
212-->[androidx.profileinstaller:profileinstaller:1.3.1] AndroidManifest.xml:47:25-85
213            </intent-filter>
214            <intent-filter>
214-->[androidx.profileinstaller:profileinstaller:1.3.1] AndroidManifest.xml:49:13-51:29
215                <action android:name="androidx.profileinstaller.action.BENCHMARK_OPERATION" />
215-->[androidx.profileinstaller:profileinstaller:1.3.1] AndroidManifest.xml:50:17-95
215-->[androidx.profileinstaller:profileinstaller:1.3.1] AndroidManifest.xml:50:25-92
216            </intent-filter>
217        </receiver>
218    </application>
219
220</manifest>